2022-08-16T18:36:38+00:00 CRITICAL require(): Failed opening required '' (include_path='.:/Applications/MAMP/bin/php/php7.3.8/lib/php') в /Users/eugeneburlak/work/php/pk/wp-content/themes/burlak/functions.php на строке 207

2022-08-16T18:44:44+00:00 CRITICAL Uncaught Error: Function name must be a string in /Users/eugeneburlak/work/php/pk/wp-content/themes/burlak/taxonomy-product_cat.php:5
Stack trace:
#0 /Users/eugeneburlak/work/php/pk/wp-includes/template-loader.php(106): include()
#1 /Users/eugeneburlak/work/php/pk/wp-blog-header.php(19): require_once('/Users/eugenebu...')
#2 /Users/eugeneburlak/work/php/pk/index.php(17): require('/Users/eugenebu...')
#3 {main}
  thrown в /Users/eugeneburlak/work/php/pk/wp-content/themes/burlak/taxonomy-product_cat.php на строке 5

2022-08-16T19:02:11+00:00 CRITICAL syntax error, unexpected '=>' (T_DOUBLE_ARROW), expecting ']' в /Users/eugeneburlak/work/php/pk/wp-content/themes/burlak/product/filter-page.php на строке 66

2022-08-16T19:06:39+00:00 CRITICAL syntax error, unexpected '=>' (T_DOUBLE_ARROW), expecting ']' в /Users/eugeneburlak/work/php/pk/wp-content/themes/burlak/product/filter-page.php на строке 56

2022-08-16T19:06:57+00:00 CRITICAL require(): Failed opening required '' (include_path='.:/Applications/MAMP/bin/php/php7.3.8/lib/php') в /Users/eugeneburlak/work/php/pk/wp-content/themes/burlak/functions.php на строке 207

2022-08-16T19:07:45+00:00 CRITICAL require(): Failed opening required '' (include_path='.:/Applications/MAMP/bin/php/php7.3.8/lib/php') в /Users/eugeneburlak/work/php/pk/wp-content/themes/burlak/functions.php на строке 207

2022-08-16T20:06:33+00:00 CRITICAL Uncaught Error: Cannot use object of type WP_Query as array in /Users/eugeneburlak/work/php/pk/wp-content/plugins/woocommerce/includes/wc-product-functions.php:42
Stack trace:
#0 /Users/eugeneburlak/work/php/pk/wp-content/themes/burlak/product/filter.php(11): wc_get_products(Object(WP_Query))
#1 /Users/eugeneburlak/work/php/pk/wp-content/themes/burlak/functions.php(207): require('/Users/eugenebu...')
#2 /Users/eugeneburlak/work/php/pk/wp-content/themes/burlak/product/list-wrapper.php(3): my_get_template_part('product/filter')
#3 /Users/eugeneburlak/work/php/pk/wp-content/themes/burlak/functions.php(207): require('/Users/eugenebu...')
#4 /Users/eugeneburlak/work/php/pk/wp-content/themes/burlak/sections/section.php(18): my_get_template_part('product/list-wr...', NULL)
#5 /Users/eugeneburlak/work/php/pk/wp-content/themes/burlak/functions.php(207): require('/Users/eugenebu...')
#6 /Users/eugeneburlak/work/php/pk/wp-content/themes/burlak/taxonomy-product_cat.php(8): my_get_template_part('sections/sectio...', Array в /Users/eugeneburlak/work/php/pk/wp-content/plugins/woocommerce/includes/wc-product-functions.php на строке 42

2022-08-16T20:06:38+00:00 CRITICAL syntax error, unexpected 'as' (T_AS), expecting ')' в /Users/eugeneburlak/work/php/pk/wp-content/themes/burlak/product/filter.php на строке 11

2022-08-16T20:06:50+00:00 CRITICAL syntax error, unexpected 'as' (T_AS), expecting ')' в /Users/eugeneburlak/work/php/pk/wp-content/themes/burlak/product/filter.php на строке 11

2022-08-16T20:06:55+00:00 CRITICAL syntax error, unexpected 'as' (T_AS), expecting ')' в /Users/eugeneburlak/work/php/pk/wp-content/themes/burlak/product/filter.php на строке 11

2022-08-16T20:07:02+00:00 CRITICAL Uncaught Error: Cannot use object of type WP_Query as array in /Users/eugeneburlak/work/php/pk/wp-content/plugins/woocommerce/includes/wc-product-functions.php:42
Stack trace:
#0 /Users/eugeneburlak/work/php/pk/wp-content/themes/burlak/product/filter.php(11): wc_get_products(Object(WP_Query))
#1 /Users/eugeneburlak/work/php/pk/wp-content/themes/burlak/functions.php(207): require('/Users/eugenebu...')
#2 /Users/eugeneburlak/work/php/pk/wp-content/themes/burlak/product/list-wrapper.php(3): my_get_template_part('product/filter')
#3 /Users/eugeneburlak/work/php/pk/wp-content/themes/burlak/functions.php(207): require('/Users/eugenebu...')
#4 /Users/eugeneburlak/work/php/pk/wp-content/themes/burlak/sections/section.php(18): my_get_template_part('product/list-wr...', NULL)
#5 /Users/eugeneburlak/work/php/pk/wp-content/themes/burlak/functions.php(207): require('/Users/eugenebu...')
#6 /Users/eugeneburlak/work/php/pk/wp-content/themes/burlak/taxonomy-product_cat.php(8): my_get_template_part('sections/sectio...', Array в /Users/eugeneburlak/work/php/pk/wp-content/plugins/woocommerce/includes/wc-product-functions.php на строке 42

2022-08-16T20:18:26+00:00 CRITICAL syntax error, unexpected '=>' (T_DOUBLE_ARROW) в /Users/eugeneburlak/work/php/pk/wp-content/themes/burlak/product/filter.php на строке 10

2022-08-16T20:18:35+00:00 CRITICAL syntax error, unexpected '=>' (T_DOUBLE_ARROW) в /Users/eugeneburlak/work/php/pk/wp-content/themes/burlak/product/filter.php на строке 8

2022-08-16T20:18:50+00:00 CRITICAL syntax error, unexpected '=>' (T_DOUBLE_ARROW) в /Users/eugeneburlak/work/php/pk/wp-content/themes/burlak/product/filter.php на строке 8

2022-08-16T20:19:11+00:00 CRITICAL syntax error, unexpected '=>' (T_DOUBLE_ARROW) в /Users/eugeneburlak/work/php/pk/wp-content/themes/burlak/product/filter.php на строке 8

2022-08-16T20:54:55+00:00 CRITICAL Uncaught Error: Cannot use object of type WP_Query as array in /Users/eugeneburlak/work/php/pk/wp-content/themes/burlak/product/filter.php:7
Stack trace:
#0 /Users/eugeneburlak/work/php/pk/wp-content/themes/burlak/functions.php(207): require()
#1 /Users/eugeneburlak/work/php/pk/wp-content/themes/burlak/product/list-wrapper.php(3): my_get_template_part('product/filter')
#2 /Users/eugeneburlak/work/php/pk/wp-content/themes/burlak/functions.php(207): require('/Users/eugenebu...')
#3 /Users/eugeneburlak/work/php/pk/wp-content/themes/burlak/sections/section.php(18): my_get_template_part('product/list-wr...', NULL)
#4 /Users/eugeneburlak/work/php/pk/wp-content/themes/burlak/functions.php(207): require('/Users/eugenebu...')
#5 /Users/eugeneburlak/work/php/pk/wp-content/themes/burlak/taxonomy-product_cat.php(8): my_get_template_part('sections/sectio...', Array)
#6 /Users/eugeneburlak/work/php/pk/wp-includes/template-loader.php(106): include('/Users/eugenebu...')
#7 /Users/eugeneburlak/work/php/pk/wp-blog-header.php(1 в /Users/eugeneburlak/work/php/pk/wp-content/themes/burlak/product/filter.php на строке 7

2022-08-16T20:55:06+00:00 CRITICAL Uncaught Error: Cannot use object of type WP_Query as array in /Users/eugeneburlak/work/php/pk/wp-content/themes/burlak/product/filter.php:8
Stack trace:
#0 /Users/eugeneburlak/work/php/pk/wp-content/themes/burlak/functions.php(207): require()
#1 /Users/eugeneburlak/work/php/pk/wp-content/themes/burlak/product/list-wrapper.php(3): my_get_template_part('product/filter')
#2 /Users/eugeneburlak/work/php/pk/wp-content/themes/burlak/functions.php(207): require('/Users/eugenebu...')
#3 /Users/eugeneburlak/work/php/pk/wp-content/themes/burlak/sections/section.php(18): my_get_template_part('product/list-wr...', NULL)
#4 /Users/eugeneburlak/work/php/pk/wp-content/themes/burlak/functions.php(207): require('/Users/eugenebu...')
#5 /Users/eugeneburlak/work/php/pk/wp-content/themes/burlak/taxonomy-product_cat.php(8): my_get_template_part('sections/sectio...', Array)
#6 /Users/eugeneburlak/work/php/pk/wp-includes/template-loader.php(106): include('/Users/eugenebu...')
#7 /Users/eugeneburlak/work/php/pk/wp-blog-header.php(1 в /Users/eugeneburlak/work/php/pk/wp-content/themes/burlak/product/filter.php на строке 8

2022-08-16T20:55:33+00:00 CRITICAL Uncaught Error: Cannot use object of type WP_Query as array in /Users/eugeneburlak/work/php/pk/wp-content/themes/burlak/product/filter.php:8
Stack trace:
#0 /Users/eugeneburlak/work/php/pk/wp-content/themes/burlak/functions.php(207): require()
#1 /Users/eugeneburlak/work/php/pk/wp-content/themes/burlak/product/list-wrapper.php(3): my_get_template_part('product/filter')
#2 /Users/eugeneburlak/work/php/pk/wp-content/themes/burlak/functions.php(207): require('/Users/eugenebu...')
#3 /Users/eugeneburlak/work/php/pk/wp-content/themes/burlak/sections/section.php(18): my_get_template_part('product/list-wr...', NULL)
#4 /Users/eugeneburlak/work/php/pk/wp-content/themes/burlak/functions.php(207): require('/Users/eugenebu...')
#5 /Users/eugeneburlak/work/php/pk/wp-content/themes/burlak/taxonomy-product_cat.php(8): my_get_template_part('sections/sectio...', Array)
#6 /Users/eugeneburlak/work/php/pk/wp-includes/template-loader.php(106): include('/Users/eugenebu...')
#7 /Users/eugeneburlak/work/php/pk/wp-blog-header.php(1 в /Users/eugeneburlak/work/php/pk/wp-content/themes/burlak/product/filter.php на строке 8

2022-08-16T20:55:41+00:00 CRITICAL Uncaught Error: Cannot use object of type WP_Query as array in /Users/eugeneburlak/work/php/pk/wp-content/themes/burlak/product/filter.php:7
Stack trace:
#0 /Users/eugeneburlak/work/php/pk/wp-content/themes/burlak/functions.php(207): require()
#1 /Users/eugeneburlak/work/php/pk/wp-content/themes/burlak/product/list-wrapper.php(3): my_get_template_part('product/filter')
#2 /Users/eugeneburlak/work/php/pk/wp-content/themes/burlak/functions.php(207): require('/Users/eugenebu...')
#3 /Users/eugeneburlak/work/php/pk/wp-content/themes/burlak/sections/section.php(18): my_get_template_part('product/list-wr...', NULL)
#4 /Users/eugeneburlak/work/php/pk/wp-content/themes/burlak/functions.php(207): require('/Users/eugenebu...')
#5 /Users/eugeneburlak/work/php/pk/wp-content/themes/burlak/taxonomy-product_cat.php(8): my_get_template_part('sections/sectio...', Array)
#6 /Users/eugeneburlak/work/php/pk/wp-includes/template-loader.php(106): include('/Users/eugenebu...')
#7 /Users/eugeneburlak/work/php/pk/wp-blog-header.php(1 в /Users/eugeneburlak/work/php/pk/wp-content/themes/burlak/product/filter.php на строке 7

2022-08-16T20:55:52+00:00 CRITICAL Uncaught Error: Cannot use object of type WP_Query as array in /Users/eugeneburlak/work/php/pk/wp-content/themes/burlak/product/filter.php:7
Stack trace:
#0 /Users/eugeneburlak/work/php/pk/wp-content/themes/burlak/functions.php(207): require()
#1 /Users/eugeneburlak/work/php/pk/wp-content/themes/burlak/product/list-wrapper.php(3): my_get_template_part('product/filter')
#2 /Users/eugeneburlak/work/php/pk/wp-content/themes/burlak/functions.php(207): require('/Users/eugenebu...')
#3 /Users/eugeneburlak/work/php/pk/wp-content/themes/burlak/sections/section.php(18): my_get_template_part('product/list-wr...', NULL)
#4 /Users/eugeneburlak/work/php/pk/wp-content/themes/burlak/functions.php(207): require('/Users/eugenebu...')
#5 /Users/eugeneburlak/work/php/pk/wp-content/themes/burlak/taxonomy-product_cat.php(8): my_get_template_part('sections/sectio...', Array)
#6 /Users/eugeneburlak/work/php/pk/wp-includes/template-loader.php(106): include('/Users/eugenebu...')
#7 /Users/eugeneburlak/work/php/pk/wp-blog-header.php(1 в /Users/eugeneburlak/work/php/pk/wp-content/themes/burlak/product/filter.php на строке 7

2022-08-16T20:56:01+00:00 CRITICAL Uncaught Error: Cannot use object of type WP_Query as array in /Users/eugeneburlak/work/php/pk/wp-content/themes/burlak/product/filter.php:8
Stack trace:
#0 /Users/eugeneburlak/work/php/pk/wp-content/themes/burlak/functions.php(207): require()
#1 /Users/eugeneburlak/work/php/pk/wp-content/themes/burlak/product/list-wrapper.php(3): my_get_template_part('product/filter')
#2 /Users/eugeneburlak/work/php/pk/wp-content/themes/burlak/functions.php(207): require('/Users/eugenebu...')
#3 /Users/eugeneburlak/work/php/pk/wp-content/themes/burlak/sections/section.php(18): my_get_template_part('product/list-wr...', NULL)
#4 /Users/eugeneburlak/work/php/pk/wp-content/themes/burlak/functions.php(207): require('/Users/eugenebu...')
#5 /Users/eugeneburlak/work/php/pk/wp-content/themes/burlak/taxonomy-product_cat.php(8): my_get_template_part('sections/sectio...', Array)
#6 /Users/eugeneburlak/work/php/pk/wp-includes/template-loader.php(106): include('/Users/eugenebu...')
#7 /Users/eugeneburlak/work/php/pk/wp-blog-header.php(1 в /Users/eugeneburlak/work/php/pk/wp-content/themes/burlak/product/filter.php на строке 8

2022-08-16T20:56:07+00:00 CRITICAL Uncaught Error: Cannot use object of type WP_Query as array in /Users/eugeneburlak/work/php/pk/wp-content/themes/burlak/product/filter.php:8
Stack trace:
#0 /Users/eugeneburlak/work/php/pk/wp-content/themes/burlak/functions.php(207): require()
#1 /Users/eugeneburlak/work/php/pk/wp-content/themes/burlak/product/list-wrapper.php(3): my_get_template_part('product/filter')
#2 /Users/eugeneburlak/work/php/pk/wp-content/themes/burlak/functions.php(207): require('/Users/eugenebu...')
#3 /Users/eugeneburlak/work/php/pk/wp-content/themes/burlak/sections/section.php(18): my_get_template_part('product/list-wr...', NULL)
#4 /Users/eugeneburlak/work/php/pk/wp-content/themes/burlak/functions.php(207): require('/Users/eugenebu...')
#5 /Users/eugeneburlak/work/php/pk/wp-content/themes/burlak/taxonomy-product_cat.php(8): my_get_template_part('sections/sectio...', Array)
#6 /Users/eugeneburlak/work/php/pk/wp-includes/template-loader.php(106): include('/Users/eugenebu...')
#7 /Users/eugeneburlak/work/php/pk/wp-blog-header.php(1 в /Users/eugeneburlak/work/php/pk/wp-content/themes/burlak/product/filter.php на строке 8

2022-08-16T20:56:13+00:00 CRITICAL Uncaught Error: Cannot use object of type WP_Query as array in /Users/eugeneburlak/work/php/pk/wp-content/themes/burlak/product/filter.php:8
Stack trace:
#0 /Users/eugeneburlak/work/php/pk/wp-content/themes/burlak/functions.php(207): require()
#1 /Users/eugeneburlak/work/php/pk/wp-content/themes/burlak/product/list-wrapper.php(3): my_get_template_part('product/filter')
#2 /Users/eugeneburlak/work/php/pk/wp-content/themes/burlak/functions.php(207): require('/Users/eugenebu...')
#3 /Users/eugeneburlak/work/php/pk/wp-content/themes/burlak/sections/section.php(18): my_get_template_part('product/list-wr...', NULL)
#4 /Users/eugeneburlak/work/php/pk/wp-content/themes/burlak/functions.php(207): require('/Users/eugenebu...')
#5 /Users/eugeneburlak/work/php/pk/wp-content/themes/burlak/taxonomy-product_cat.php(8): my_get_template_part('sections/sectio...', Array)
#6 /Users/eugeneburlak/work/php/pk/wp-includes/template-loader.php(106): include('/Users/eugenebu...')
#7 /Users/eugeneburlak/work/php/pk/wp-blog-header.php(1 в /Users/eugeneburlak/work/php/pk/wp-content/themes/burlak/product/filter.php на строке 8

2022-08-16T21:48:12+00:00 CRITICAL syntax error, unexpected ';', expecting ')' в /Users/eugeneburlak/work/php/pk/wp-content/themes/burlak/functions.php на строке 72

2022-08-16T21:48:27+00:00 CRITICAL syntax error, unexpected ';', expecting ')' в /Users/eugeneburlak/work/php/pk/wp-content/themes/burlak/functions.php на строке 72

2022-08-16T21:48:47+00:00 CRITICAL syntax error, unexpected ';', expecting ')' в /Users/eugeneburlak/work/php/pk/wp-content/themes/burlak/functions.php на строке 72

2022-08-16T21:48:51+00:00 CRITICAL syntax error, unexpected ';', expecting ')' в /Users/eugeneburlak/work/php/pk/wp-content/themes/burlak/functions.php на строке 72

2022-08-16T21:50:13+00:00 CRITICAL syntax error, unexpected ';', expecting ')' в /Users/eugeneburlak/work/php/pk/wp-content/themes/burlak/functions.php на строке 72

2022-08-16T21:50:28+00:00 CRITICAL syntax error, unexpected ';', expecting ')' в /Users/eugeneburlak/work/php/pk/wp-content/themes/burlak/functions.php на строке 72

2022-08-16T21:51:37+00:00 CRITICAL syntax error, unexpected ';', expecting ')' в /Users/eugeneburlak/work/php/pk/wp-content/themes/burlak/functions.php на строке 72

2022-08-16T21:54:30+00:00 CRITICAL syntax error, unexpected ')' в /Users/eugeneburlak/work/php/pk/wp-content/themes/burlak/functions.php на строке 61

2022-08-16T21:57:50+00:00 CRITICAL syntax error, unexpected ')' в /Users/eugeneburlak/work/php/pk/wp-content/themes/burlak/functions.php на строке 61

2022-08-16T22:07:20+00:00 CRITICAL syntax error, unexpected '}' в /Users/eugeneburlak/work/php/pk/wp-content/themes/burlak/functions.php на строке 75

2022-08-16T22:07:30+00:00 CRITICAL syntax error, unexpected '}' в /Users/eugeneburlak/work/php/pk/wp-content/themes/burlak/functions.php на строке 74

2022-08-16T22:07:33+00:00 CRITICAL syntax error, unexpected '}' в /Users/eugeneburlak/work/php/pk/wp-content/themes/burlak/functions.php на строке 74

2022-08-16T22:08:28+00:00 CRITICAL syntax error, unexpected '}' в /Users/eugeneburlak/work/php/pk/wp-content/themes/burlak/functions.php на строке 76

2022-08-16T22:22:42+00:00 CRITICAL syntax error, unexpected '}' в /Users/eugeneburlak/work/php/pk/wp-content/themes/burlak/functions.php на строке 69

2022-08-16T22:22:58+00:00 CRITICAL syntax error, unexpected '}' в /Users/eugeneburlak/work/php/pk/wp-content/themes/burlak/functions.php на строке 69

