2022-08-06T10:57:23+00:00 CRITICAL Uncaught ArgumentCountError: Too few arguments to function isAvailable(), 0 passed in /Users/eugeneburlak/work/php/pk/wp-content/themes/burlak/header.php on line 33 and exactly 1 expected in /Users/eugeneburlak/work/php/pk/wp-content/themes/burlak/functions.php:565
Stack trace:
#0 /Users/eugeneburlak/work/php/pk/wp-content/themes/burlak/header.php(33): isAvailable()
#1 /Users/eugeneburlak/work/php/pk/wp-includes/template.php(770): require_once('/Users/eugenebu...')
#2 /Users/eugeneburlak/work/php/pk/wp-includes/template.php(716): load_template('/Users/eugenebu...', true, Array)
#3 /Users/eugeneburlak/work/php/pk/wp-includes/general-template.php(48): locate_template(Array, true, true, Array)
#4 /Users/eugeneburlak/work/php/pk/wp-content/themes/burlak/index.php(2): get_header()
#5 /Users/eugeneburlak/work/php/pk/wp-includes/template-loader.php(106): include('/Users/eugenebu...')
#6 /Users/eugeneburlak/work/php/pk/wp-blog-header.php(19): require_once('/Users/eugenebu...')
#7 /Users/eugeneburlak/work/php/pk/index в /Users/eugeneburlak/work/php/pk/wp-content/themes/burlak/functions.php на строке 565

2022-08-06T10:57:30+00:00 CRITICAL Uncaught ArgumentCountError: Too few arguments to function isAvailable(), 0 passed in /Users/eugeneburlak/work/php/pk/wp-content/themes/burlak/header.php on line 33 and exactly 1 expected in /Users/eugeneburlak/work/php/pk/wp-content/themes/burlak/functions.php:565
Stack trace:
#0 /Users/eugeneburlak/work/php/pk/wp-content/themes/burlak/header.php(33): isAvailable()
#1 /Users/eugeneburlak/work/php/pk/wp-includes/template.php(770): require_once('/Users/eugenebu...')
#2 /Users/eugeneburlak/work/php/pk/wp-includes/template.php(716): load_template('/Users/eugenebu...', true, Array)
#3 /Users/eugeneburlak/work/php/pk/wp-includes/general-template.php(48): locate_template(Array, true, true, Array)
#4 /Users/eugeneburlak/work/php/pk/wp-content/themes/burlak/index.php(2): get_header()
#5 /Users/eugeneburlak/work/php/pk/wp-includes/template-loader.php(106): include('/Users/eugenebu...')
#6 /Users/eugeneburlak/work/php/pk/wp-blog-header.php(19): require_once('/Users/eugenebu...')
#7 /Users/eugeneburlak/work/php/pk/index в /Users/eugeneburlak/work/php/pk/wp-content/themes/burlak/functions.php на строке 565

2022-08-06T10:57:57+00:00 CRITICAL Uncaught ArgumentCountError: Too few arguments to function isAvailable(), 0 passed in /Users/eugeneburlak/work/php/pk/wp-content/themes/burlak/header.php on line 33 and exactly 1 expected in /Users/eugeneburlak/work/php/pk/wp-content/themes/burlak/functions.php:560
Stack trace:
#0 /Users/eugeneburlak/work/php/pk/wp-content/themes/burlak/header.php(33): isAvailable()
#1 /Users/eugeneburlak/work/php/pk/wp-includes/template.php(770): require_once('/Users/eugenebu...')
#2 /Users/eugeneburlak/work/php/pk/wp-includes/template.php(716): load_template('/Users/eugenebu...', true, Array)
#3 /Users/eugeneburlak/work/php/pk/wp-includes/general-template.php(48): locate_template(Array, true, true, Array)
#4 /Users/eugeneburlak/work/php/pk/wp-content/themes/burlak/index.php(2): get_header()
#5 /Users/eugeneburlak/work/php/pk/wp-includes/template-loader.php(106): include('/Users/eugenebu...')
#6 /Users/eugeneburlak/work/php/pk/wp-blog-header.php(19): require_once('/Users/eugenebu...')
#7 /Users/eugeneburlak/work/php/pk/index в /Users/eugeneburlak/work/php/pk/wp-content/themes/burlak/functions.php на строке 560

2022-08-06T10:57:58+00:00 CRITICAL Uncaught ArgumentCountError: Too few arguments to function isAvailable(), 0 passed in /Users/eugeneburlak/work/php/pk/wp-content/themes/burlak/header.php on line 33 and exactly 1 expected in /Users/eugeneburlak/work/php/pk/wp-content/themes/burlak/functions.php:560
Stack trace:
#0 /Users/eugeneburlak/work/php/pk/wp-content/themes/burlak/header.php(33): isAvailable()
#1 /Users/eugeneburlak/work/php/pk/wp-includes/template.php(770): require_once('/Users/eugenebu...')
#2 /Users/eugeneburlak/work/php/pk/wp-includes/template.php(716): load_template('/Users/eugenebu...', true, Array)
#3 /Users/eugeneburlak/work/php/pk/wp-includes/general-template.php(48): locate_template(Array, true, true, Array)
#4 /Users/eugeneburlak/work/php/pk/wp-content/themes/burlak/index.php(2): get_header()
#5 /Users/eugeneburlak/work/php/pk/wp-includes/template-loader.php(106): include('/Users/eugenebu...')
#6 /Users/eugeneburlak/work/php/pk/wp-blog-header.php(19): require_once('/Users/eugenebu...')
#7 /Users/eugeneburlak/work/php/pk/index в /Users/eugeneburlak/work/php/pk/wp-content/themes/burlak/functions.php на строке 560

2022-08-06T10:58:21+00:00 CRITICAL Uncaught ArgumentCountError: Too few arguments to function isAvailable(), 0 passed in /Users/eugeneburlak/work/php/pk/wp-content/themes/burlak/header.php on line 33 and exactly 1 expected in /Users/eugeneburlak/work/php/pk/wp-content/themes/burlak/functions.php:560
Stack trace:
#0 /Users/eugeneburlak/work/php/pk/wp-content/themes/burlak/header.php(33): isAvailable()
#1 /Users/eugeneburlak/work/php/pk/wp-includes/template.php(770): require_once('/Users/eugenebu...')
#2 /Users/eugeneburlak/work/php/pk/wp-includes/template.php(716): load_template('/Users/eugenebu...', true, Array)
#3 /Users/eugeneburlak/work/php/pk/wp-includes/general-template.php(48): locate_template(Array, true, true, Array)
#4 /Users/eugeneburlak/work/php/pk/wp-content/themes/burlak/index.php(2): get_header()
#5 /Users/eugeneburlak/work/php/pk/wp-includes/template-loader.php(106): include('/Users/eugenebu...')
#6 /Users/eugeneburlak/work/php/pk/wp-blog-header.php(19): require_once('/Users/eugenebu...')
#7 /Users/eugeneburlak/work/php/pk/index в /Users/eugeneburlak/work/php/pk/wp-content/themes/burlak/functions.php на строке 560

