2022-08-13T11:06:44+00:00 CRITICAL syntax error, unexpected ''content'' (T_CONSTANT_ENCAPSED_STRING), expecting ']' в /Users/eugeneburlak/work/php/pk/wp-content/themes/burlak/index.php на строке 39

2022-08-13T11:08:50+00:00 CRITICAL syntax error, unexpected ''content'' (T_CONSTANT_ENCAPSED_STRING), expecting ']' в /Users/eugeneburlak/work/php/pk/wp-content/themes/burlak/index.php на строке 38

2022-08-13T12:48:17+00:00 CRITICAL Uncaught Error: Cannot use object of type WP_Post as array in /Users/eugeneburlak/work/php/pk/wp-content/themes/burlak/articles/index.php:11
Stack trace:
#0 /Users/eugeneburlak/work/php/pk/wp-content/themes/burlak/functions.php(207): require()
#1 /Users/eugeneburlak/work/php/pk/wp-content/themes/burlak/sections/section.php(18): my_get_template_part('articles/index', NULL)
#2 /Users/eugeneburlak/work/php/pk/wp-content/themes/burlak/functions.php(207): require('/Users/eugenebu...')
#3 /Users/eugeneburlak/work/php/pk/wp-content/themes/burlak/index.php(35): my_get_template_part('sections/sectio...', Array)
#4 /Users/eugeneburlak/work/php/pk/wp-includes/template-loader.php(106): include('/Users/eugenebu...')
#5 /Users/eugeneburlak/work/php/pk/wp-blog-header.php(19): require_once('/Users/eugenebu...')
#6 /Users/eugeneburlak/work/php/pk/index.php(17): require('/Users/eugenebu...')
#7 {main}
  thrown в /Users/eugeneburlak/work/php/pk/wp-content/themes/burlak/articles/index.php на строке 11

2022-08-13T12:48:29+00:00 CRITICAL Uncaught Error: Cannot use object of type WP_Post as array in /Users/eugeneburlak/work/php/pk/wp-content/themes/burlak/articles/index.php:11
Stack trace:
#0 /Users/eugeneburlak/work/php/pk/wp-content/themes/burlak/functions.php(207): require()
#1 /Users/eugeneburlak/work/php/pk/wp-content/themes/burlak/sections/section.php(18): my_get_template_part('articles/index', NULL)
#2 /Users/eugeneburlak/work/php/pk/wp-content/themes/burlak/functions.php(207): require('/Users/eugenebu...')
#3 /Users/eugeneburlak/work/php/pk/wp-content/themes/burlak/index.php(35): my_get_template_part('sections/sectio...', Array)
#4 /Users/eugeneburlak/work/php/pk/wp-includes/template-loader.php(106): include('/Users/eugenebu...')
#5 /Users/eugeneburlak/work/php/pk/wp-blog-header.php(19): require_once('/Users/eugenebu...')
#6 /Users/eugeneburlak/work/php/pk/index.php(17): require('/Users/eugenebu...')
#7 {main}
  thrown в /Users/eugeneburlak/work/php/pk/wp-content/themes/burlak/articles/index.php на строке 11

2022-08-13T12:48:42+00:00 CRITICAL Uncaught Error: Cannot use object of type WP_Post as array in /Users/eugeneburlak/work/php/pk/wp-content/themes/burlak/articles/item.php:9
Stack trace:
#0 /Users/eugeneburlak/work/php/pk/wp-content/themes/burlak/functions.php(207): require()
#1 /Users/eugeneburlak/work/php/pk/wp-content/themes/burlak/articles/index.php(16): my_get_template_part('articles/item', Object(WP_Post))
#2 /Users/eugeneburlak/work/php/pk/wp-content/themes/burlak/functions.php(207): require('/Users/eugenebu...')
#3 /Users/eugeneburlak/work/php/pk/wp-content/themes/burlak/sections/section.php(18): my_get_template_part('articles/index', NULL)
#4 /Users/eugeneburlak/work/php/pk/wp-content/themes/burlak/functions.php(207): require('/Users/eugenebu...')
#5 /Users/eugeneburlak/work/php/pk/wp-content/themes/burlak/index.php(35): my_get_template_part('sections/sectio...', Array)
#6 /Users/eugeneburlak/work/php/pk/wp-includes/template-loader.php(106): include('/Users/eugenebu...')
#7 /Users/eugeneburlak/work/php/pk/wp-blog-header.php(19): requi в /Users/eugeneburlak/work/php/pk/wp-content/themes/burlak/articles/item.php на строке 9

2022-08-13T12:49:16+00:00 CRITICAL Uncaught Error: Cannot use object of type WP_Post as array in /Users/eugeneburlak/work/php/pk/wp-content/themes/burlak/articles/index.php:11
Stack trace:
#0 /Users/eugeneburlak/work/php/pk/wp-content/themes/burlak/functions.php(207): require()
#1 /Users/eugeneburlak/work/php/pk/wp-content/themes/burlak/sections/section.php(18): my_get_template_part('articles/index', NULL)
#2 /Users/eugeneburlak/work/php/pk/wp-content/themes/burlak/functions.php(207): require('/Users/eugenebu...')
#3 /Users/eugeneburlak/work/php/pk/wp-content/themes/burlak/index.php(35): my_get_template_part('sections/sectio...', Array)
#4 /Users/eugeneburlak/work/php/pk/wp-includes/template-loader.php(106): include('/Users/eugenebu...')
#5 /Users/eugeneburlak/work/php/pk/wp-blog-header.php(19): require_once('/Users/eugenebu...')
#6 /Users/eugeneburlak/work/php/pk/index.php(17): require('/Users/eugenebu...')
#7 {main}
  thrown в /Users/eugeneburlak/work/php/pk/wp-content/themes/burlak/articles/index.php на строке 11

2022-08-13T12:49:29+00:00 CRITICAL Uncaught Error: Cannot use object of type WP_Post as array in /Users/eugeneburlak/work/php/pk/wp-content/themes/burlak/articles/item.php:10
Stack trace:
#0 /Users/eugeneburlak/work/php/pk/wp-content/themes/burlak/functions.php(207): require()
#1 /Users/eugeneburlak/work/php/pk/wp-content/themes/burlak/articles/index.php(15): my_get_template_part('articles/item', Object(WP_Post))
#2 /Users/eugeneburlak/work/php/pk/wp-content/themes/burlak/functions.php(207): require('/Users/eugenebu...')
#3 /Users/eugeneburlak/work/php/pk/wp-content/themes/burlak/sections/section.php(18): my_get_template_part('articles/index', NULL)
#4 /Users/eugeneburlak/work/php/pk/wp-content/themes/burlak/functions.php(207): require('/Users/eugenebu...')
#5 /Users/eugeneburlak/work/php/pk/wp-content/themes/burlak/index.php(35): my_get_template_part('sections/sectio...', Array)
#6 /Users/eugeneburlak/work/php/pk/wp-includes/template-loader.php(106): include('/Users/eugenebu...')
#7 /Users/eugeneburlak/work/php/pk/wp-blog-header.php(19): requ в /Users/eugeneburlak/work/php/pk/wp-content/themes/burlak/articles/item.php на строке 10

2022-08-13T12:49:50+00:00 CRITICAL Uncaught Error: Cannot use object of type WP_Post as array in /Users/eugeneburlak/work/php/pk/wp-content/themes/burlak/articles/item.php:10
Stack trace:
#0 /Users/eugeneburlak/work/php/pk/wp-content/themes/burlak/functions.php(207): require()
#1 /Users/eugeneburlak/work/php/pk/wp-content/themes/burlak/articles/index.php(15): my_get_template_part('articles/item', Object(WP_Post))
#2 /Users/eugeneburlak/work/php/pk/wp-content/themes/burlak/functions.php(207): require('/Users/eugenebu...')
#3 /Users/eugeneburlak/work/php/pk/wp-content/themes/burlak/sections/section.php(18): my_get_template_part('articles/index', NULL)
#4 /Users/eugeneburlak/work/php/pk/wp-content/themes/burlak/functions.php(207): require('/Users/eugenebu...')
#5 /Users/eugeneburlak/work/php/pk/wp-content/themes/burlak/index.php(35): my_get_template_part('sections/sectio...', Array)
#6 /Users/eugeneburlak/work/php/pk/wp-includes/template-loader.php(106): include('/Users/eugenebu...')
#7 /Users/eugeneburlak/work/php/pk/wp-blog-header.php(19): requ в /Users/eugeneburlak/work/php/pk/wp-content/themes/burlak/articles/item.php на строке 10

2022-08-13T12:50:43+00:00 CRITICAL Uncaught Error: Cannot use object of type WP_Post as array in /Users/eugeneburlak/work/php/pk/wp-content/themes/burlak/articles/item.php:10
Stack trace:
#0 /Users/eugeneburlak/work/php/pk/wp-content/themes/burlak/functions.php(207): require()
#1 /Users/eugeneburlak/work/php/pk/wp-content/themes/burlak/articles/index.php(15): my_get_template_part('articles/item', Object(WP_Post))
#2 /Users/eugeneburlak/work/php/pk/wp-content/themes/burlak/functions.php(207): require('/Users/eugenebu...')
#3 /Users/eugeneburlak/work/php/pk/wp-content/themes/burlak/sections/section.php(18): my_get_template_part('articles/index', NULL)
#4 /Users/eugeneburlak/work/php/pk/wp-content/themes/burlak/functions.php(207): require('/Users/eugenebu...')
#5 /Users/eugeneburlak/work/php/pk/wp-content/themes/burlak/index.php(35): my_get_template_part('sections/sectio...', Array)
#6 /Users/eugeneburlak/work/php/pk/wp-includes/template-loader.php(106): include('/Users/eugenebu...')
#7 /Users/eugeneburlak/work/php/pk/wp-blog-header.php(19): requ в /Users/eugeneburlak/work/php/pk/wp-content/themes/burlak/articles/item.php на строке 10

2022-08-13T12:51:38+00:00 CRITICAL Uncaught Error: Cannot use object of type WP_Post as array in /Users/eugeneburlak/work/php/pk/wp-content/themes/burlak/articles/item.php:10
Stack trace:
#0 /Users/eugeneburlak/work/php/pk/wp-content/themes/burlak/functions.php(207): require()
#1 /Users/eugeneburlak/work/php/pk/wp-content/themes/burlak/articles/index.php(15): my_get_template_part('articles/item', Object(WP_Post))
#2 /Users/eugeneburlak/work/php/pk/wp-content/themes/burlak/functions.php(207): require('/Users/eugenebu...')
#3 /Users/eugeneburlak/work/php/pk/wp-content/themes/burlak/sections/section.php(18): my_get_template_part('articles/index', NULL)
#4 /Users/eugeneburlak/work/php/pk/wp-content/themes/burlak/functions.php(207): require('/Users/eugenebu...')
#5 /Users/eugeneburlak/work/php/pk/wp-content/themes/burlak/index.php(35): my_get_template_part('sections/sectio...', Array)
#6 /Users/eugeneburlak/work/php/pk/wp-includes/template-loader.php(106): include('/Users/eugenebu...')
#7 /Users/eugeneburlak/work/php/pk/wp-blog-header.php(19): requ в /Users/eugeneburlak/work/php/pk/wp-content/themes/burlak/articles/item.php на строке 10

2022-08-13T12:52:23+00:00 CRITICAL Uncaught Error: Cannot use object of type WP_Post as array in /Users/eugeneburlak/work/php/pk/wp-content/themes/burlak/articles/item.php:9
Stack trace:
#0 /Users/eugeneburlak/work/php/pk/wp-content/themes/burlak/functions.php(207): require()
#1 /Users/eugeneburlak/work/php/pk/wp-content/themes/burlak/articles/index.php(15): my_get_template_part('articles/item', Object(WP_Post))
#2 /Users/eugeneburlak/work/php/pk/wp-content/themes/burlak/functions.php(207): require('/Users/eugenebu...')
#3 /Users/eugeneburlak/work/php/pk/wp-content/themes/burlak/sections/section.php(18): my_get_template_part('articles/index', NULL)
#4 /Users/eugeneburlak/work/php/pk/wp-content/themes/burlak/functions.php(207): require('/Users/eugenebu...')
#5 /Users/eugeneburlak/work/php/pk/wp-content/themes/burlak/index.php(35): my_get_template_part('sections/sectio...', Array)
#6 /Users/eugeneburlak/work/php/pk/wp-includes/template-loader.php(106): include('/Users/eugenebu...')
#7 /Users/eugeneburlak/work/php/pk/wp-blog-header.php(19): requi в /Users/eugeneburlak/work/php/pk/wp-content/themes/burlak/articles/item.php на строке 9

2022-08-13T12:52:39+00:00 CRITICAL Uncaught Error: Cannot use object of type WP_Post as array in /Users/eugeneburlak/work/php/pk/wp-content/themes/burlak/articles/item.php:9
Stack trace:
#0 /Users/eugeneburlak/work/php/pk/wp-content/themes/burlak/functions.php(207): require()
#1 /Users/eugeneburlak/work/php/pk/wp-content/themes/burlak/articles/index.php(15): my_get_template_part('articles/item', Object(WP_Post))
#2 /Users/eugeneburlak/work/php/pk/wp-content/themes/burlak/functions.php(207): require('/Users/eugenebu...')
#3 /Users/eugeneburlak/work/php/pk/wp-content/themes/burlak/sections/section.php(18): my_get_template_part('articles/index', NULL)
#4 /Users/eugeneburlak/work/php/pk/wp-content/themes/burlak/functions.php(207): require('/Users/eugenebu...')
#5 /Users/eugeneburlak/work/php/pk/wp-content/themes/burlak/index.php(35): my_get_template_part('sections/sectio...', Array)
#6 /Users/eugeneburlak/work/php/pk/wp-includes/template-loader.php(106): include('/Users/eugenebu...')
#7 /Users/eugeneburlak/work/php/pk/wp-blog-header.php(19): requi в /Users/eugeneburlak/work/php/pk/wp-content/themes/burlak/articles/item.php на строке 9

2022-08-13T12:52:48+00:00 CRITICAL Uncaught Error: Cannot use object of type WP_Post as array in /Users/eugeneburlak/work/php/pk/wp-content/themes/burlak/articles/item.php:10
Stack trace:
#0 /Users/eugeneburlak/work/php/pk/wp-content/themes/burlak/functions.php(207): require()
#1 /Users/eugeneburlak/work/php/pk/wp-content/themes/burlak/articles/index.php(15): my_get_template_part('articles/item', Object(WP_Post))
#2 /Users/eugeneburlak/work/php/pk/wp-content/themes/burlak/functions.php(207): require('/Users/eugenebu...')
#3 /Users/eugeneburlak/work/php/pk/wp-content/themes/burlak/sections/section.php(18): my_get_template_part('articles/index', NULL)
#4 /Users/eugeneburlak/work/php/pk/wp-content/themes/burlak/functions.php(207): require('/Users/eugenebu...')
#5 /Users/eugeneburlak/work/php/pk/wp-content/themes/burlak/index.php(35): my_get_template_part('sections/sectio...', Array)
#6 /Users/eugeneburlak/work/php/pk/wp-includes/template-loader.php(106): include('/Users/eugenebu...')
#7 /Users/eugeneburlak/work/php/pk/wp-blog-header.php(19): requ в /Users/eugeneburlak/work/php/pk/wp-content/themes/burlak/articles/item.php на строке 10

