2022-08-10T18:59:19+00:00 CRITICAL syntax error, unexpected ''select'' (T_CONSTANT_ENCAPSED_STRING), expecting ')' в /Users/eugeneburlak/work/php/pk/wp-content/themes/burlak/taxonomy-product_cat.php на строке 20

2022-08-10T19:21:23+00:00 CRITICAL Uncaught Error: Call to a member function get_attributes() on null in /Users/eugeneburlak/work/php/pk/wp-content/themes/burlak/product/brands.php:3
Stack trace:
#0 /Users/eugeneburlak/work/php/pk/wp-content/themes/burlak/functions.php(195): require()
#1 /Users/eugeneburlak/work/php/pk/wp-content/themes/burlak/index.php(24): my_get_template_part('product/brands')
#2 /Users/eugeneburlak/work/php/pk/wp-includes/template-loader.php(106): include('/Users/eugenebu...')
#3 /Users/eugeneburlak/work/php/pk/wp-blog-header.php(19): require_once('/Users/eugenebu...')
#4 /Users/eugeneburlak/work/php/pk/index.php(17): require('/Users/eugenebu...')
#5 {main}
  thrown в /Users/eugeneburlak/work/php/pk/wp-content/themes/burlak/product/brands.php на строке 3

2022-08-10T19:23:14+00:00 CRITICAL Uncaught Error: Call to undefined function get_attributes() in /Users/eugeneburlak/work/php/pk/wp-content/themes/burlak/product/brands.php:2
Stack trace:
#0 /Users/eugeneburlak/work/php/pk/wp-content/themes/burlak/functions.php(195): require()
#1 /Users/eugeneburlak/work/php/pk/wp-content/themes/burlak/index.php(24): my_get_template_part('product/brands')
#2 /Users/eugeneburlak/work/php/pk/wp-includes/template-loader.php(106): include('/Users/eugenebu...')
#3 /Users/eugeneburlak/work/php/pk/wp-blog-header.php(19): require_once('/Users/eugenebu...')
#4 /Users/eugeneburlak/work/php/pk/index.php(17): require('/Users/eugenebu...')
#5 {main}
  thrown в /Users/eugeneburlak/work/php/pk/wp-content/themes/burlak/product/brands.php на строке 2

2022-08-10T19:25:29+00:00 CRITICAL Uncaught ArgumentCountError: Too few arguments to function get_the_terms(), 1 passed in /Users/eugeneburlak/work/php/pk/wp-content/themes/burlak/product/brands.php on line 2 and exactly 2 expected in /Users/eugeneburlak/work/php/pk/wp-includes/category-template.php:1278
Stack trace:
#0 /Users/eugeneburlak/work/php/pk/wp-content/themes/burlak/product/brands.php(2): get_the_terms('brands')
#1 /Users/eugeneburlak/work/php/pk/wp-content/themes/burlak/functions.php(195): require('/Users/eugenebu...')
#2 /Users/eugeneburlak/work/php/pk/wp-content/themes/burlak/index.php(24): my_get_template_part('product/brands')
#3 /Users/eugeneburlak/work/php/pk/wp-includes/template-loader.php(106): include('/Users/eugenebu...')
#4 /Users/eugeneburlak/work/php/pk/wp-blog-header.php(19): require_once('/Users/eugenebu...')
#5 /Users/eugeneburlak/work/php/pk/index.php(17): require('/Users/eugenebu...')
#6 {main}
  thrown в /Users/eugeneburlak/work/php/pk/wp-includes/category-template.php на строке 1278

2022-08-10T19:25:40+00:00 CRITICAL Uncaught ArgumentCountError: Too few arguments to function get_the_terms(), 1 passed in /Users/eugeneburlak/work/php/pk/wp-content/themes/burlak/product/brands.php on line 2 and exactly 2 expected in /Users/eugeneburlak/work/php/pk/wp-includes/category-template.php:1278
Stack trace:
#0 /Users/eugeneburlak/work/php/pk/wp-content/themes/burlak/product/brands.php(2): get_the_terms('brands')
#1 /Users/eugeneburlak/work/php/pk/wp-content/themes/burlak/functions.php(195): require('/Users/eugenebu...')
#2 /Users/eugeneburlak/work/php/pk/wp-content/themes/burlak/index.php(24): my_get_template_part('product/brands')
#3 /Users/eugeneburlak/work/php/pk/wp-includes/template-loader.php(106): include('/Users/eugenebu...')
#4 /Users/eugeneburlak/work/php/pk/wp-blog-header.php(19): require_once('/Users/eugenebu...')
#5 /Users/eugeneburlak/work/php/pk/index.php(17): require('/Users/eugenebu...')
#6 {main}
  thrown в /Users/eugeneburlak/work/php/pk/wp-includes/category-template.php на строке 1278

2022-08-10T19:34:45+00:00 CRITICAL require(): Failed opening required '' (include_path='.:/Applications/MAMP/bin/php/php7.3.8/lib/php') в /Users/eugeneburlak/work/php/pk/wp-content/themes/burlak/functions.php на строке 195

2022-08-10T19:35:45+00:00 CRITICAL require(): Failed opening required '' (include_path='.:/Applications/MAMP/bin/php/php7.3.8/lib/php') в /Users/eugeneburlak/work/php/pk/wp-content/themes/burlak/functions.php на строке 195

2022-08-10T19:36:07+00:00 CRITICAL require(): Failed opening required '' (include_path='.:/Applications/MAMP/bin/php/php7.3.8/lib/php') в /Users/eugeneburlak/work/php/pk/wp-content/themes/burlak/functions.php на строке 195

2022-08-10T19:36:17+00:00 CRITICAL require(): Failed opening required '' (include_path='.:/Applications/MAMP/bin/php/php7.3.8/lib/php') в /Users/eugeneburlak/work/php/pk/wp-content/themes/burlak/functions.php на строке 195

2022-08-10T19:36:18+00:00 CRITICAL require(): Failed opening required '' (include_path='.:/Applications/MAMP/bin/php/php7.3.8/lib/php') в /Users/eugeneburlak/work/php/pk/wp-content/themes/burlak/functions.php на строке 195

2022-08-10T19:36:24+00:00 CRITICAL require(): Failed opening required '' (include_path='.:/Applications/MAMP/bin/php/php7.3.8/lib/php') в /Users/eugeneburlak/work/php/pk/wp-content/themes/burlak/functions.php на строке 195

2022-08-10T19:36:30+00:00 CRITICAL require(): Failed opening required '' (include_path='.:/Applications/MAMP/bin/php/php7.3.8/lib/php') в /Users/eugeneburlak/work/php/pk/wp-content/themes/burlak/functions.php на строке 195

2022-08-10T19:46:15+00:00 CRITICAL require(): Failed opening required '' (include_path='.:/Applications/MAMP/bin/php/php7.3.8/lib/php') в /Users/eugeneburlak/work/php/pk/wp-content/themes/burlak/functions.php на строке 195

2022-08-10T19:59:58+00:00 CRITICAL syntax error, unexpected ';', expecting ']' в /Users/eugeneburlak/work/php/pk/wp-content/themes/burlak/page.php на строке 4

2022-08-10T19:59:59+00:00 CRITICAL syntax error, unexpected ';', expecting ']' в /Users/eugeneburlak/work/php/pk/wp-content/themes/burlak/page.php на строке 4

2022-08-10T20:00:08+00:00 CRITICAL syntax error, unexpected ';', expecting ']' в /Users/eugeneburlak/work/php/pk/wp-content/themes/burlak/page.php на строке 4

2022-08-10T20:00:10+00:00 CRITICAL syntax error, unexpected ';', expecting ']' в /Users/eugeneburlak/work/php/pk/wp-content/themes/burlak/page.php на строке 4

2022-08-10T20:00:12+00:00 CRITICAL syntax error, unexpected ';', expecting ']' в /Users/eugeneburlak/work/php/pk/wp-content/themes/burlak/page.php на строке 4

2022-08-10T20:00:14+00:00 CRITICAL syntax error, unexpected ';', expecting ']' в /Users/eugeneburlak/work/php/pk/wp-content/themes/burlak/page.php на строке 4

2022-08-10T20:00:17+00:00 CRITICAL syntax error, unexpected ';', expecting ']' в /Users/eugeneburlak/work/php/pk/wp-content/themes/burlak/page.php на строке 4

2022-08-10T20:18:16+00:00 CRITICAL syntax error, unexpected ''header'' (T_CONSTANT_ENCAPSED_STRING), expecting ']' в /Users/eugeneburlak/work/php/pk/wp-content/themes/burlak/page.php на строке 8

2022-08-10T20:26:10+00:00 CRITICAL Uncaught Error: Call to undefined function get_page_by_slug() in /Users/eugeneburlak/work/php/pk/wp-content/themes/burlak/brands/index.php:2
Stack trace:
#0 /Users/eugeneburlak/work/php/pk/wp-content/themes/burlak/functions.php(195): require()
#1 /Users/eugeneburlak/work/php/pk/wp-content/themes/burlak/index.php(25): my_get_template_part('brands/index')
#2 /Users/eugeneburlak/work/php/pk/wp-includes/template-loader.php(106): include('/Users/eugenebu...')
#3 /Users/eugeneburlak/work/php/pk/wp-blog-header.php(19): require_once('/Users/eugenebu...')
#4 /Users/eugeneburlak/work/php/pk/index.php(17): require('/Users/eugenebu...')
#5 {main}
  thrown в /Users/eugeneburlak/work/php/pk/wp-content/themes/burlak/brands/index.php на строке 2

2022-08-10T20:26:35+00:00 CRITICAL syntax error, unexpected '$id' (T_VARIABLE) в /Users/eugeneburlak/work/php/pk/wp-content/themes/burlak/brands/index.php на строке 3

2022-08-10T20:26:41+00:00 CRITICAL syntax error, unexpected '$id' (T_VARIABLE) в /Users/eugeneburlak/work/php/pk/wp-content/themes/burlak/brands/index.php на строке 3

2022-08-10T20:27:18+00:00 CRITICAL syntax error, unexpected '$id' (T_VARIABLE) в /Users/eugeneburlak/work/php/pk/wp-content/themes/burlak/brands/index.php на строке 3

2022-08-10T20:55:21+00:00 CRITICAL syntax error, unexpected '?>' в /Users/eugeneburlak/work/php/pk/wp-content/themes/burlak/brands/item.php на строке 4

2022-08-10T20:55:27+00:00 CRITICAL syntax error, unexpected '?>' в /Users/eugeneburlak/work/php/pk/wp-content/themes/burlak/brands/item.php на строке 4

2022-08-10T20:55:34+00:00 CRITICAL Uncaught Error: Cannot use object of type WP_Term as array in /Users/eugeneburlak/work/php/pk/wp-content/themes/burlak/brands/item.php:6
Stack trace:
#0 /Users/eugeneburlak/work/php/pk/wp-content/themes/burlak/functions.php(195): require()
#1 /Users/eugeneburlak/work/php/pk/wp-content/themes/burlak/slider/slider.php(17): my_get_template_part('brands/item', Object(WP_Term))
#2 /Users/eugeneburlak/work/php/pk/wp-content/themes/burlak/functions.php(195): require('/Users/eugenebu...')
#3 /Users/eugeneburlak/work/php/pk/wp-content/themes/burlak/brands/index.php(35): my_get_template_part('slider/slider', Array)
#4 /Users/eugeneburlak/work/php/pk/wp-content/themes/burlak/functions.php(195): require('/Users/eugenebu...')
#5 /Users/eugeneburlak/work/php/pk/wp-content/themes/burlak/index.php(25): my_get_template_part('brands/index')
#6 /Users/eugeneburlak/work/php/pk/wp-includes/template-loader.php(106): include('/Users/eugenebu...')
#7 /Users/eugeneburlak/work/php/pk/wp-blog-header.php(19): require_once('/Users/eugene в /Users/eugeneburlak/work/php/pk/wp-content/themes/burlak/brands/item.php на строке 6

2022-08-10T21:15:53+00:00 CRITICAL syntax error, unexpected '}', expecting ';' в /Users/eugeneburlak/work/php/pk/wp-content/themes/burlak/functions.php на строке 618

2022-08-10T21:16:01+00:00 CRITICAL syntax error, unexpected '}', expecting ';' в /Users/eugeneburlak/work/php/pk/wp-content/themes/burlak/functions.php на строке 618

